# JRE version: OpenJDK Runtime Environment (11.0.10) (build 11.0.10+0-b96-7249189)
# Java VM: OpenJDK 64-Bit Server VM (11.0.10+0-b96-7249189, mixed mode, tiered, compressed oops, g1 gc, linux-amd64)
Heap:
 garbage-first heap   total 307200K, used 169363K [0x0000000080000000, 0x0000000100000000)
  region size 1024K, 61 young (62464K), 9 survivors (9216K)
 Metaspace       used 139163K, capacity 144363K, committed 144512K, reserved 1175552K
  class space    used 17234K, capacity 19062K, committed 19072K, reserved 1048576K
GC Heap History (20 events):
Event: 2123,812 GC heap before
{Heap before GC invocations=78 (full 0):
 garbage-first heap   total 307200K, used 206778K [0x0000000080000000, 0x0000000100000000)
  region size 1024K, 89 young (91136K), 2 survivors (2048K)
 Metaspace       used 135410K, capacity 139532K, committed 139776K, reserved 1171456K
  class space    used 16793K, capacity 18317K, committed 18432K, reserved 1048576K
}
Event: 2123,821 GC heap after
{Heap after GC invocations=79 (full 0):
 garbage-first heap   total 307200K, used 123556K [0x0000000080000000, 0x0000000100000000)
  region size 1024K, 6 young (6144K), 6 survivors (6144K)
 Metaspace       used 135410K, capacity 139532K, committed 139776K, reserved 1171456K
  class space    used 16793K, capacity 18317K, committed 18432K, reserved 1048576K
}
Event: 2145,690 GC heap before
{Heap before GC invocations=80 (full 0):
 garbage-first heap   total 307200K, used 232100K [0x0000000080000000, 0x0000000100000000)
  region size 1024K, 103 young (105472K), 6 survivors (6144K)
 Metaspace       used 135675K, capacity 139801K, committed 140032K, reserved 1171456K
  class space    used 16793K, capacity 18318K, committed 18432K, reserved 1048576K
}
Event: 2145,699 GC heap after
{Heap after GC invocations=81 (full 0):
 garbage-first heap   total 307200K, used 126818K [0x0000000080000000, 0x0000000100000000)
  region size 1024K, 9 young (9216K), 9 survivors (9216K)
 Metaspace       used 135675K, capacity 139801K, committed 140032K, reserved 1171456K
  class space    used 16793K, capacity 18318K, committed 18432K, reserved 1048576K
}
Event: 2176,097 GC heap before
{Heap before GC invocations=81 (full 0):
 garbage-first heap   total 307200K, used 142178K [0x0000000080000000, 0x0000000100000000)
  region size 1024K, 15 young (15360K), 9 survivors (9216K)
 Metaspace       used 135693K, capacity 139801K, committed 140032K, reserved 1171456K
  class space    used 16793K, capacity 18318K, committed 18432K, reserved 1048576K
}
Event: 2176,121 GC heap after
{Heap after GC invocations=82 (full 0):
 garbage-first heap   total 307200K, used 110261K [0x0000000080000000, 0x0000000100000000)
  region size 1024K, 2 young (2048K), 2 survivors (2048K)
 Metaspace       used 135693K, capacity 139801K, committed 140032K, reserved 1171456K
  class space    used 16793K, capacity 18318K, committed 18432K, reserved 1048576K
}
Event: 2189,000 GC heap before
{Heap before GC invocations=82 (full 0):
 garbage-first heap   total 307200K, used 210613K [0x0000000080000000, 0x0000000100000000)
  region size 1024K, 102 young (104448K), 2 survivors (2048K)
 Metaspace       used 136520K, capacity 140704K, committed 140928K, reserved 1171456K
  class space    used 16887K, capacity 18443K, committed 18560K, reserved 1048576K
}
Event: 2189,023 GC heap after
{Heap after GC invocations=83 (full 0):
 garbage-first heap   total 307200K, used 116685K [0x0000000080000000, 0x0000000100000000)
  region size 1024K, 8 young (8192K), 8 survivors (8192K)
 Metaspace       used 136520K, capacity 140704K, committed 140928K, reserved 1171456K
  class space    used 16887K, capacity 18443K, committed 18560K, reserved 1048576K
}
Event: 2325,513 GC heap before
{Heap before GC invocations=84 (full 0):
 garbage-first heap   total 307200K, used 236493K [0x0000000080000000, 0x0000000100000000)
  region size 1024K, 116 young (118784K), 8 survivors (8192K)
 Metaspace       used 136635K, capacity 140736K, committed 141184K, reserved 1171456K
  class space    used 16854K, capacity 18376K, committed 18560K, reserved 1048576K
}
Event: 2325,522 GC heap after
{Heap after GC invocations=85 (full 0):
 garbage-first heap   total 307200K, used 117239K [0x0000000080000000, 0x0000000100000000)
  region size 1024K, 8 young (8192K), 8 survivors (8192K)
 Metaspace       used 136635K, capacity 140736K, committed 141184K, reserved 1171456K
  class space    used 16854K, capacity 18376K, committed 18560K, reserved 1048576K
}
Event: 2341,751 GC heap before
{Heap before GC invocations=85 (full 0):
 garbage-first heap   total 307200K, used 133623K [0x0000000080000000, 0x0000000100000000)
  region size 1024K, 15 young (15360K), 8 survivors (8192K)
 Metaspace       used 136654K, capacity 140800K, committed 141184K, reserved 1171456K
  class space    used 16854K, capacity 18376K, committed 18560K, reserved 1048576K
}
Event: 2341,758 GC heap after
{Heap after GC invocations=86 (full 0):
 garbage-first heap   total 307200K, used 103955K [0x0000000080000000, 0x0000000100000000)
  region size 1024K, 2 young (2048K), 2 survivors (2048K)
 Metaspace       used 136654K, capacity 140800K, committed 141184K, reserved 1171456K
  class space    used 16854K, capacity 18376K, committed 18560K, reserved 1048576K
}
Event: 2350,655 GC heap before
{Heap before GC invocations=86 (full 0):
 garbage-first heap   total 307200K, used 225811K [0x0000000080000000, 0x0000000100000000)
  region size 1024K, 122 young (124928K), 2 survivors (2048K)
 Metaspace       used 137056K, capacity 141281K, committed 141696K, reserved 1173504K
  class space    used 16897K, capacity 18438K, committed 18560K, reserved 1048576K
}
Event: 2350,677 GC heap after
{Heap after GC invocations=87 (full 0):
 garbage-first heap   total 307200K, used 108694K [0x0000000080000000, 0x0000000100000000)
  region size 1024K, 7 young (7168K), 7 survivors (7168K)
 Metaspace       used 137056K, capacity 141281K, committed 141696K, reserved 1173504K
  class space    used 16897K, capacity 18438K, committed 18560K, reserved 1048576K
}
Event: 2502,510 GC heap before
{Heap before GC invocations=88 (full 0):
 garbage-first heap   total 307200K, used 241814K [0x0000000080000000, 0x0000000100000000)
  region size 1024K, 128 young (131072K), 7 survivors (7168K)
 Metaspace       used 137646K, capacity 142128K, committed 142336K, reserved 1173504K
  class space    used 17003K, capacity 18634K, committed 18688K, reserved 1048576K
}
Event: 2502,516 GC heap after
{Heap after GC invocations=89 (full 0):
 garbage-first heap   total 307200K, used 103370K [0x0000000080000000, 0x0000000100000000)
  region size 1024K, 2 young (2048K), 2 survivors (2048K)
 Metaspace       used 137646K, capacity 142128K, committed 142336K, reserved 1173504K
  class space    used 17003K, capacity 18634K, committed 18688K, reserved 1048576K
}
Event: 2502,576 GC heap before
{Heap before GC invocations=89 (full 0):
 garbage-first heap   total 307200K, used 116682K [0x0000000080000000, 0x0000000100000000)
  region size 1024K, 15 young (15360K), 2 survivors (2048K)
 Metaspace       used 138016K, capacity 142656K, committed 142720K, reserved 1173504K
  class space    used 17082K, capacity 18780K, committed 18816K, reserved 1048576K
}
Event: 2502,592 GC heap after
{Heap after GC invocations=90 (full 0):
 garbage-first heap   total 307200K, used 101354K [0x0000000080000000, 0x0000000100000000)
  region size 1024K, 2 young (2048K), 2 survivors (2048K)
 Metaspace       used 138016K, capacity 142656K, committed 142720K, reserved 1173504K
  class space    used 17082K, capacity 18780K, committed 18816K, reserved 1048576K
}
Event: 2504,182 GC heap before
{Heap before GC invocations=90 (full 0):
 garbage-first heap   total 307200K, used 192490K [0x0000000080000000, 0x0000000100000000)
  region size 1024K, 93 young (95232K), 2 survivors (2048K)
 Metaspace       used 139048K, capacity 144148K, committed 144256K, reserved 1175552K
  class space    used 17231K, capacity 19057K, committed 19072K, reserved 1048576K
}
Event: 2504,208 GC heap after
{Heap after GC invocations=91 (full 0):
 garbage-first heap   total 307200K, used 107923K [0x0000000080000000, 0x0000000100000000)
  region size 1024K, 9 young (9216K), 9 survivors (9216K)
 Metaspace       used 139048K, capacity 144148K, committed 144256K, reserved 1175552K
  class space    used 17231K, capacity 19057K, committed 19072K, reserved 1048576K
}

